<?xml version="1.0" encoding="UTF-8"?>
<testsuites name="jest tests" tests="2" failures="0" time="2.851">
  <testsuite name="Funkcja createList" errors="0" failures="0" skipped="0" timestamp="2021-04-20T16:16:07" time="1.608" tests="2">
    <testcase classname="Funkcja createList powinna zwrócić wartość typu string gdy przekazany input ma wypełnione pole value" name="Funkcja createList powinna zwrócić wartość typu string gdy przekazany input ma wypełnione pole value" time="0.003">
    </testcase>
    <testcase classname="Funkcja createList powinna zwrócić null gdy przekazany input nie ma wypełnionego pola value" name="Funkcja createList powinna zwrócić null gdy przekazany input nie ma wypełnionego pola value" time="0">
    </testcase>
  </testsuite>
</testsuites>